mode: set
github.com/jsando/jb/maven/pom.go:52.43,55.37 3 0
github.com/jsando/jb/maven/pom.go:55.37,57.84 1 0
github.com/jsando/jb/maven/pom.go:57.84,61.51 2 0
github.com/jsando/jb/maven/pom.go:61.51,63.5 1 0
github.com/jsando/jb/maven/pom.go:65.4,65.16 1 0
github.com/jsando/jb/maven/pom.go:67.3,68.17 2 0
github.com/jsando/jb/maven/pom.go:68.17,70.9 1 0
github.com/jsando/jb/maven/pom.go:73.2,73.15 1 0
github.com/jsando/jb/maven/pom.go:76.54,77.25 1 1
github.com/jsando/jb/maven/pom.go:77.25,78.48 1 1
github.com/jsando/jb/maven/pom.go:78.48,79.33 1 1
github.com/jsando/jb/maven/pom.go:79.33,81.5 1 1
github.com/jsando/jb/maven/pom.go:84.2,84.18 1 1
github.com/jsando/jb/maven/pom.go:87.46,88.25 1 1
github.com/jsando/jb/maven/pom.go:88.25,92.3 1 1
github.com/jsando/jb/maven/pom.go:93.2,94.47 2 1
github.com/jsando/jb/maven/pom.go:94.47,95.32 1 1
github.com/jsando/jb/maven/pom.go:95.32,98.9 3 1
github.com/jsando/jb/maven/pom.go:101.2,101.12 1 1
github.com/jsando/jb/maven/pom.go:101.12,106.3 1 1
github.com/jsando/jb/maven/repo.go:27.45,33.2 1 1
github.com/jsando/jb/maven/repo.go:35.54,37.2 1 1
github.com/jsando/jb/maven/repo.go:39.49,44.2 1 1
github.com/jsando/jb/maven/repo.go:46.49,51.2 1 1
github.com/jsando/jb/maven/repo.go:53.84,58.16 5 1
github.com/jsando/jb/maven/repo.go:58.16,59.13 1 0
github.com/jsando/jb/maven/repo.go:61.2,61.77 1 1
github.com/jsando/jb/maven/repo.go:64.85,65.56 1 1
github.com/jsando/jb/maven/repo.go:65.56,67.3 1 0
github.com/jsando/jb/maven/repo.go:68.2,70.11 3 1
github.com/jsando/jb/maven/repo.go:70.11,72.3 1 1
github.com/jsando/jb/maven/repo.go:73.2,76.16 4 1
github.com/jsando/jb/maven/repo.go:76.16,78.3 1 1
github.com/jsando/jb/maven/repo.go:79.2,80.16 2 1
github.com/jsando/jb/maven/repo.go:80.16,82.3 1 0
github.com/jsando/jb/maven/repo.go:83.2,87.16 5 1
github.com/jsando/jb/maven/repo.go:87.16,89.3 1 1
github.com/jsando/jb/maven/repo.go:91.2,91.37 1 1
github.com/jsando/jb/maven/repo.go:91.37,95.3 1 1
github.com/jsando/jb/maven/repo.go:96.2,96.29 1 1
github.com/jsando/jb/maven/repo.go:96.29,98.3 1 1
github.com/jsando/jb/maven/repo.go:100.2,100.23 1 1
github.com/jsando/jb/maven/repo.go:100.23,102.17 2 0
github.com/jsando/jb/maven/repo.go:102.17,104.4 1 0
github.com/jsando/jb/maven/repo.go:106.2,108.55 2 1
github.com/jsando/jb/maven/repo.go:108.55,110.123 2 0
github.com/jsando/jb/maven/repo.go:110.123,114.18 3 0
github.com/jsando/jb/maven/repo.go:114.18,116.5 1 0
github.com/jsando/jb/maven/repo.go:117.4,117.78 1 0
github.com/jsando/jb/maven/repo.go:120.2,120.34 1 1
github.com/jsando/jb/maven/repo.go:120.34,121.40 1 0
github.com/jsando/jb/maven/repo.go:121.40,123.20 2 0
github.com/jsando/jb/maven/repo.go:123.20,125.5 1 0
github.com/jsando/jb/maven/repo.go:128.2,128.34 1 1
github.com/jsando/jb/maven/repo.go:128.34,129.40 1 0
github.com/jsando/jb/maven/repo.go:129.40,131.4 1 0
github.com/jsando/jb/maven/repo.go:139.2,139.17 1 1
github.com/jsando/jb/maven/repo.go:142.66,144.16 2 0
github.com/jsando/jb/maven/repo.go:144.16,146.3 1 0
github.com/jsando/jb/maven/repo.go:148.2,148.23 1 0
github.com/jsando/jb/maven/repo.go:148.23,150.3 1 0
github.com/jsando/jb/maven/repo.go:151.2,151.23 1 0
github.com/jsando/jb/maven/repo.go:151.23,153.3 1 0
github.com/jsando/jb/maven/repo.go:154.2,157.12 4 0
github.com/jsando/jb/maven/repo.go:162.76,165.82 1 1
github.com/jsando/jb/maven/repo.go:165.82,169.47 2 1
github.com/jsando/jb/maven/repo.go:169.47,171.4 1 1
github.com/jsando/jb/maven/repo.go:173.3,173.15 1 1
github.com/jsando/jb/maven/repo.go:175.2,175.15 1 1
github.com/jsando/jb/maven/repo.go:178.69,179.81 1 0
github.com/jsando/jb/maven/repo.go:179.81,180.59 1 0
github.com/jsando/jb/maven/repo.go:180.59,181.62 1 0
github.com/jsando/jb/maven/repo.go:181.62,183.5 1 0
github.com/jsando/jb/maven/repo.go:186.2,186.12 1 0
github.com/jsando/jb/maven/repo.go:189.48,190.29 1 0
github.com/jsando/jb/maven/repo.go:190.29,194.3 1 0
github.com/jsando/jb/maven/repo.go:195.2,197.69 3 0
github.com/jsando/jb/maven/repo.go:197.69,199.3 1 0
github.com/jsando/jb/maven/repo.go:200.2,200.32 1 0
github.com/jsando/jb/maven/repo.go:200.32,202.3 1 0
github.com/jsando/jb/maven/repo.go:205.81,206.31 1 0
github.com/jsando/jb/maven/repo.go:206.31,208.3 1 0
github.com/jsando/jb/maven/repo.go:209.2,209.19 1 0
github.com/jsando/jb/maven/repo.go:209.19,211.3 1 0
github.com/jsando/jb/maven/repo.go:212.2,212.32 1 0
github.com/jsando/jb/maven/repo.go:212.32,213.43 1 0
github.com/jsando/jb/maven/repo.go:213.43,215.48 2 0
github.com/jsando/jb/maven/repo.go:215.48,216.81 1 0
github.com/jsando/jb/maven/repo.go:216.81,218.11 2 0
github.com/jsando/jb/maven/repo.go:221.4,221.14 1 0
github.com/jsando/jb/maven/repo.go:221.14,223.5 1 0
github.com/jsando/jb/maven/repo.go:228.87,230.2 1 0
github.com/jsando/jb/maven/repo.go:232.94,234.30 2 1
github.com/jsando/jb/maven/repo.go:234.30,236.3 1 1
github.com/jsando/jb/maven/repo.go:237.2,239.16 2 1
github.com/jsando/jb/maven/repo.go:239.16,241.3 1 0
github.com/jsando/jb/maven/repo.go:242.2,243.16 2 1
github.com/jsando/jb/maven/repo.go:243.16,245.3 1 0
github.com/jsando/jb/maven/repo.go:246.2,247.35 2 1
github.com/jsando/jb/maven/repo.go:247.35,249.17 2 1
github.com/jsando/jb/maven/repo.go:249.17,250.9 1 0
github.com/jsando/jb/maven/repo.go:252.3,252.72 1 1
github.com/jsando/jb/maven/repo.go:255.2,255.16 1 1
github.com/jsando/jb/maven/repo.go:255.16,259.3 3 1
github.com/jsando/jb/maven/repo.go:260.2,260.26 1 0
github.com/jsando/jb/maven/repo.go:263.103,271.16 6 0
github.com/jsando/jb/maven/repo.go:271.16,273.3 1 0
github.com/jsando/jb/maven/repo.go:276.2,277.44 2 0
github.com/jsando/jb/maven/repo.go:277.44,279.3 1 0
github.com/jsando/jb/maven/repo.go:280.2,281.16 2 0
github.com/jsando/jb/maven/repo.go:281.16,283.3 1 0
github.com/jsando/jb/maven/repo.go:286.2,287.44 2 0
github.com/jsando/jb/maven/repo.go:287.44,289.3 1 0
github.com/jsando/jb/maven/repo.go:290.2,291.16 2 0
github.com/jsando/jb/maven/repo.go:291.16,293.3 1 0
github.com/jsando/jb/maven/repo.go:294.2,295.12 2 0
github.com/jsando/jb/maven/repo.go:298.35,300.16 2 1
github.com/jsando/jb/maven/repo.go:300.16,302.3 1 1
github.com/jsando/jb/maven/repo.go:303.2,303.24 1 1
github.com/jsando/jb/maven/repo.go:303.24,305.3 1 1
github.com/jsando/jb/maven/repo.go:310.2,310.12 1 0
github.com/jsando/jb/maven/repo.go:314.38,316.16 2 1
github.com/jsando/jb/maven/repo.go:316.16,318.3 1 1
github.com/jsando/jb/maven/repo.go:319.2,321.16 3 1
github.com/jsando/jb/maven/repo.go:321.16,323.3 1 0
github.com/jsando/jb/maven/repo.go:324.2,326.16 3 1
github.com/jsando/jb/maven/repo.go:326.16,328.3 1 0
github.com/jsando/jb/maven/repo.go:329.2,329.12 1 1
github.com/jsando/jb/maven/repo.go:332.107,335.16 3 1
github.com/jsando/jb/maven/repo.go:335.16,337.3 1 0
github.com/jsando/jb/maven/repo.go:338.2,342.16 5 1
github.com/jsando/jb/maven/repo.go:342.16,344.3 1 0
github.com/jsando/jb/maven/repo.go:345.2,346.38 2 1
github.com/jsando/jb/maven/repo.go:346.38,348.3 1 1
github.com/jsando/jb/maven/repo.go:349.2,350.16 2 0
github.com/jsando/jb/maven/repo.go:350.16,352.3 1 0
github.com/jsando/jb/maven/repo.go:354.2,354.12 1 0
