mode: set
github.com/jsando/jb/tools/default_compiler.go:21.52,23.2 1 1
github.com/jsando/jb/tools/default_compiler.go:26.80,34.22 2 0
github.com/jsando/jb/tools/default_compiler.go:34.22,36.3 1 0
github.com/jsando/jb/tools/default_compiler.go:39.2,48.26 6 0
github.com/jsando/jb/tools/default_compiler.go:48.26,50.3 1 0
github.com/jsando/jb/tools/default_compiler.go:52.2,52.30 1 0
github.com/jsando/jb/tools/default_compiler.go:52.30,54.3 1 0
github.com/jsando/jb/tools/default_compiler.go:56.2,56.30 1 0
github.com/jsando/jb/tools/default_compiler.go:56.30,58.3 1 0
github.com/jsando/jb/tools/default_compiler.go:60.2,63.76 3 0
github.com/jsando/jb/tools/default_compiler.go:63.76,65.3 1 0
github.com/jsando/jb/tools/default_compiler.go:68.2,72.80 4 0
github.com/jsando/jb/tools/default_compiler.go:72.80,74.3 1 0
github.com/jsando/jb/tools/default_compiler.go:77.2,78.24 2 0
github.com/jsando/jb/tools/default_compiler.go:78.24,80.3 1 0
github.com/jsando/jb/tools/default_compiler.go:83.2,89.16 4 0
github.com/jsando/jb/tools/default_compiler.go:89.16,91.56 2 0
github.com/jsando/jb/tools/default_compiler.go:91.56,97.4 2 0
github.com/jsando/jb/tools/default_compiler.go:100.2,100.20 1 0
github.com/jsando/jb/tools/default_compiler.go:104.89,115.21 6 1
github.com/jsando/jb/tools/default_compiler.go:115.21,119.83 2 1
github.com/jsando/jb/tools/default_compiler.go:119.83,126.28 6 1
github.com/jsando/jb/tools/default_compiler.go:126.28,135.5 3 1
github.com/jsando/jb/tools/default_compiler.go:135.10,144.5 3 1
github.com/jsando/jb/tools/default_compiler.go:145.9,145.80 1 1
github.com/jsando/jb/tools/default_compiler.go:145.80,151.28 5 1
github.com/jsando/jb/tools/default_compiler.go:151.28,159.5 3 1
github.com/jsando/jb/tools/default_compiler.go:159.10,167.5 3 0
github.com/jsando/jb/tools/default_compiler.go:168.9,168.68 1 1
github.com/jsando/jb/tools/default_compiler.go:168.68,171.4 1 1
github.com/jsando/jb/tools/default_compiler.go:171.9,171.72 1 1
github.com/jsando/jb/tools/default_compiler.go:171.72,174.4 1 1
github.com/jsando/jb/tools/default_compiler.go:178.2,179.95 2 1
github.com/jsando/jb/tools/default_compiler.go:179.95,181.32 2 0
github.com/jsando/jb/tools/default_compiler.go:181.32,183.4 1 0
github.com/jsando/jb/tools/default_compiler.go:188.62,189.22 1 0
github.com/jsando/jb/tools/default_compiler.go:189.22,191.3 1 0
github.com/jsando/jb/tools/default_compiler.go:193.2,193.22 1 0
github.com/jsando/jb/tools/default_compiler.go:193.22,195.3 1 0
github.com/jsando/jb/tools/default_compiler.go:197.2,199.16 3 0
github.com/jsando/jb/tools/default_compiler.go:199.16,201.3 1 0
github.com/jsando/jb/tools/default_compiler.go:203.2,205.21 3 0
github.com/jsando/jb/tools/default_compiler.go:209.50,210.23 1 0
github.com/jsando/jb/tools/default_compiler.go:210.23,212.3 1 0
github.com/jsando/jb/tools/default_compiler.go:215.2,216.16 2 0
github.com/jsando/jb/tools/default_compiler.go:216.16,218.3 1 0
github.com/jsando/jb/tools/default_compiler.go:220.2,221.13 2 0
github.com/jsando/jb/tools/default_compiler.go:225.50,236.76 3 1
github.com/jsando/jb/tools/default_compiler.go:236.76,238.43 2 1
github.com/jsando/jb/tools/default_compiler.go:238.43,240.4 1 1
github.com/jsando/jb/tools/default_compiler.go:241.3,241.43 1 1
github.com/jsando/jb/tools/default_compiler.go:241.43,243.4 1 1
github.com/jsando/jb/tools/default_compiler.go:246.3,246.46 1 1
github.com/jsando/jb/tools/default_compiler.go:246.46,249.4 2 1
github.com/jsando/jb/tools/default_compiler.go:253.2,254.9 2 1
github.com/jsando/jb/tools/default_compiler.go:255.48,256.29 1 1
github.com/jsando/jb/tools/default_compiler.go:257.47,258.28 1 1
github.com/jsando/jb/tools/default_compiler.go:259.48,260.29 1 1
github.com/jsando/jb/tools/default_compiler.go:261.53,262.34 1 0
github.com/jsando/jb/tools/default_compiler.go:263.48,264.37 1 1
github.com/jsando/jb/tools/default_compiler.go:265.10,266.29 1 1
github.com/jsando/jb/tools/default_compiler.go:269.2,269.16 1 1
github.com/jsando/jb/tools/default_jar.go:19.42,21.2 1 1
github.com/jsando/jb/tools/default_jar.go:24.53,25.22 1 0
github.com/jsando/jb/tools/default_jar.go:25.22,27.3 1 0
github.com/jsando/jb/tools/default_jar.go:30.2,37.29 5 0
github.com/jsando/jb/tools/default_jar.go:37.29,40.3 2 0
github.com/jsando/jb/tools/default_jar.go:40.8,44.27 2 0
github.com/jsando/jb/tools/default_jar.go:44.27,47.4 2 0
github.com/jsando/jb/tools/default_jar.go:49.3,49.30 1 0
github.com/jsando/jb/tools/default_jar.go:49.30,51.38 2 0
github.com/jsando/jb/tools/default_jar.go:51.38,52.14 1 0
github.com/jsando/jb/tools/default_jar.go:52.14,54.6 1 0
github.com/jsando/jb/tools/default_jar.go:54.11,56.6 1 0
github.com/jsando/jb/tools/default_jar.go:57.5,57.26 1 0
github.com/jsando/jb/tools/default_jar.go:59.4,60.23 2 0
github.com/jsando/jb/tools/default_jar.go:63.3,63.19 1 0
github.com/jsando/jb/tools/default_jar.go:63.19,67.83 3 0
github.com/jsando/jb/tools/default_jar.go:67.83,69.5 1 0
github.com/jsando/jb/tools/default_jar.go:70.4,70.30 1 0
github.com/jsando/jb/tools/default_jar.go:77.2,77.18 1 0
github.com/jsando/jb/tools/default_jar.go:77.18,79.3 1 0
github.com/jsando/jb/tools/default_jar.go:79.8,81.3 1 0
github.com/jsando/jb/tools/default_jar.go:85.2,85.21 1 0
github.com/jsando/jb/tools/default_jar.go:85.21,87.40 2 0
github.com/jsando/jb/tools/default_jar.go:87.40,89.4 1 0
github.com/jsando/jb/tools/default_jar.go:93.2,93.24 1 0
github.com/jsando/jb/tools/default_jar.go:93.24,95.3 1 0
github.com/jsando/jb/tools/default_jar.go:98.2,98.26 1 0
github.com/jsando/jb/tools/default_jar.go:98.26,101.3 1 0
github.com/jsando/jb/tools/default_jar.go:101.8,103.3 1 0
github.com/jsando/jb/tools/default_jar.go:106.2,107.24 2 0
github.com/jsando/jb/tools/default_jar.go:107.24,109.3 1 0
github.com/jsando/jb/tools/default_jar.go:111.2,112.16 2 0
github.com/jsando/jb/tools/default_jar.go:112.16,114.3 1 0
github.com/jsando/jb/tools/default_jar.go:116.2,116.12 1 0
github.com/jsando/jb/tools/default_jar.go:120.65,121.22 1 0
github.com/jsando/jb/tools/default_jar.go:121.22,123.3 1 0
github.com/jsando/jb/tools/default_jar.go:126.2,126.51 1 0
github.com/jsando/jb/tools/default_jar.go:126.51,128.3 1 0
github.com/jsando/jb/tools/default_jar.go:131.2,135.16 4 0
github.com/jsando/jb/tools/default_jar.go:135.16,137.3 1 0
github.com/jsando/jb/tools/default_jar.go:139.2,139.12 1 0
github.com/jsando/jb/tools/default_jar.go:143.65,144.22 1 0
github.com/jsando/jb/tools/default_jar.go:144.22,146.3 1 0
github.com/jsando/jb/tools/default_jar.go:149.2,151.16 3 0
github.com/jsando/jb/tools/default_jar.go:151.16,153.3 1 0
github.com/jsando/jb/tools/default_jar.go:156.2,158.21 3 0
github.com/jsando/jb/tools/default_jar.go:158.21,160.17 2 0
github.com/jsando/jb/tools/default_jar.go:160.17,162.4 1 0
github.com/jsando/jb/tools/default_jar.go:165.2,165.19 1 0
github.com/jsando/jb/tools/default_jar.go:169.80,170.22 1 0
github.com/jsando/jb/tools/default_jar.go:170.22,172.3 1 0
github.com/jsando/jb/tools/default_jar.go:176.2,176.40 1 0
github.com/jsando/jb/tools/default_jar.go:176.40,181.30 4 0
github.com/jsando/jb/tools/default_jar.go:181.30,183.4 1 0
github.com/jsando/jb/tools/default_jar.go:184.3,188.17 4 0
github.com/jsando/jb/tools/default_jar.go:188.17,190.4 1 0
github.com/jsando/jb/tools/default_jar.go:193.2,193.12 1 0
github.com/jsando/jb/tools/default_jar.go:197.57,198.22 1 0
github.com/jsando/jb/tools/default_jar.go:198.22,200.3 1 0
github.com/jsando/jb/tools/default_jar.go:202.2,202.22 1 0
github.com/jsando/jb/tools/default_jar.go:202.22,204.3 1 0
github.com/jsando/jb/tools/default_jar.go:208.2,209.16 2 0
github.com/jsando/jb/tools/default_jar.go:209.16,211.3 1 0
github.com/jsando/jb/tools/default_jar.go:213.2,215.16 3 0
github.com/jsando/jb/tools/default_jar.go:215.16,217.3 1 0
github.com/jsando/jb/tools/default_jar.go:219.2,221.21 3 0
github.com/jsando/jb/tools/default_jar.go:225.45,226.21 1 0
github.com/jsando/jb/tools/default_jar.go:226.21,228.3 1 0
github.com/jsando/jb/tools/default_jar.go:231.2,232.16 2 0
github.com/jsando/jb/tools/default_jar.go:232.16,234.3 1 0
github.com/jsando/jb/tools/default_jar.go:236.2,237.13 2 0
github.com/jsando/jb/tools/default_runner.go:18.48,20.2 1 1
github.com/jsando/jb/tools/default_runner.go:23.53,24.22 1 0
github.com/jsando/jb/tools/default_runner.go:24.22,26.3 1 0
github.com/jsando/jb/tools/default_runner.go:29.2,35.26 3 0
github.com/jsando/jb/tools/default_runner.go:35.26,37.3 1 0
github.com/jsando/jb/tools/default_runner.go:40.2,40.24 1 0
github.com/jsando/jb/tools/default_runner.go:40.24,42.3 1 0
github.com/jsando/jb/tools/default_runner.go:42.8,42.33 1 0
github.com/jsando/jb/tools/default_runner.go:42.33,44.3 1 0
github.com/jsando/jb/tools/default_runner.go:44.8,46.3 1 0
github.com/jsando/jb/tools/default_runner.go:49.2,55.24 3 0
github.com/jsando/jb/tools/default_runner.go:55.24,57.3 1 0
github.com/jsando/jb/tools/default_runner.go:60.2,60.23 1 0
github.com/jsando/jb/tools/default_runner.go:60.23,62.3 1 0
github.com/jsando/jb/tools/default_runner.go:65.2,65.23 1 0
github.com/jsando/jb/tools/default_runner.go:65.23,67.3 1 0
github.com/jsando/jb/tools/default_runner.go:67.8,69.3 1 0
github.com/jsando/jb/tools/default_runner.go:71.2,71.24 1 0
github.com/jsando/jb/tools/default_runner.go:71.24,73.3 1 0
github.com/jsando/jb/tools/default_runner.go:73.8,75.3 1 0
github.com/jsando/jb/tools/default_runner.go:77.2,77.24 1 0
github.com/jsando/jb/tools/default_runner.go:77.24,79.3 1 0
github.com/jsando/jb/tools/default_runner.go:79.8,81.3 1 0
github.com/jsando/jb/tools/default_runner.go:84.2,84.18 1 0
github.com/jsando/jb/tools/default_runner.go:88.87,89.22 1 0
github.com/jsando/jb/tools/default_runner.go:89.22,91.3 1 0
github.com/jsando/jb/tools/default_runner.go:94.2,104.26 5 0
github.com/jsando/jb/tools/default_runner.go:104.26,106.3 1 0
github.com/jsando/jb/tools/default_runner.go:109.2,109.24 1 0
github.com/jsando/jb/tools/default_runner.go:109.24,111.3 1 0
github.com/jsando/jb/tools/default_runner.go:111.8,111.33 1 0
github.com/jsando/jb/tools/default_runner.go:111.33,113.3 1 0
github.com/jsando/jb/tools/default_runner.go:113.8,115.3 1 0
github.com/jsando/jb/tools/default_runner.go:118.2,124.24 3 0
github.com/jsando/jb/tools/default_runner.go:124.24,126.3 1 0
github.com/jsando/jb/tools/default_runner.go:129.2,129.23 1 0
github.com/jsando/jb/tools/default_runner.go:129.23,131.3 1 0
github.com/jsando/jb/tools/default_runner.go:134.2,134.23 1 0
github.com/jsando/jb/tools/default_runner.go:134.23,136.3 1 0
github.com/jsando/jb/tools/default_runner.go:136.8,138.3 1 0
github.com/jsando/jb/tools/default_runner.go:140.2,140.24 1 0
github.com/jsando/jb/tools/default_runner.go:140.24,142.3 1 0
github.com/jsando/jb/tools/default_runner.go:142.8,144.3 1 0
github.com/jsando/jb/tools/default_runner.go:146.2,146.24 1 0
github.com/jsando/jb/tools/default_runner.go:146.24,148.3 1 0
github.com/jsando/jb/tools/default_runner.go:148.8,150.3 1 0
github.com/jsando/jb/tools/default_runner.go:153.2,156.43 2 0
github.com/jsando/jb/tools/default_runner.go:156.43,158.3 1 0
github.com/jsando/jb/tools/default_runner.go:160.2,160.12 1 0
github.com/jsando/jb/tools/default_runner.go:164.60,165.22 1 0
github.com/jsando/jb/tools/default_runner.go:165.22,167.3 1 0
github.com/jsando/jb/tools/default_runner.go:169.2,169.22 1 0
github.com/jsando/jb/tools/default_runner.go:169.22,171.3 1 0
github.com/jsando/jb/tools/default_runner.go:173.2,175.16 3 0
github.com/jsando/jb/tools/default_runner.go:175.16,177.3 1 0
github.com/jsando/jb/tools/default_runner.go:179.2,181.21 3 0
github.com/jsando/jb/tools/default_runner.go:185.48,186.22 1 0
github.com/jsando/jb/tools/default_runner.go:186.22,188.3 1 0
github.com/jsando/jb/tools/default_runner.go:191.2,192.16 2 0
github.com/jsando/jb/tools/default_runner.go:192.16,194.3 1 0
github.com/jsando/jb/tools/default_runner.go:196.2,197.13 2 0
github.com/jsando/jb/tools/mocks.go:21.77,23.26 2 0
github.com/jsando/jb/tools/mocks.go:23.26,25.3 1 0
github.com/jsando/jb/tools/mocks.go:26.2,26.42 1 0
github.com/jsando/jb/tools/mocks.go:29.59,31.26 2 0
github.com/jsando/jb/tools/mocks.go:31.26,33.3 1 0
github.com/jsando/jb/tools/mocks.go:34.2,34.72 1 0
github.com/jsando/jb/tools/mocks.go:37.47,39.30 2 0
github.com/jsando/jb/tools/mocks.go:39.30,41.3 1 0
github.com/jsando/jb/tools/mocks.go:42.2,42.13 1 0
github.com/jsando/jb/tools/mocks.go:66.50,68.25 2 0
github.com/jsando/jb/tools/mocks.go:68.25,70.3 1 0
github.com/jsando/jb/tools/mocks.go:71.2,71.12 1 0
github.com/jsando/jb/tools/mocks.go:74.62,76.26 2 0
github.com/jsando/jb/tools/mocks.go:76.26,78.3 1 0
github.com/jsando/jb/tools/mocks.go:79.2,79.12 1 0
github.com/jsando/jb/tools/mocks.go:82.62,84.23 2 0
github.com/jsando/jb/tools/mocks.go:84.23,86.3 1 0
github.com/jsando/jb/tools/mocks.go:87.2,87.109 1 0
github.com/jsando/jb/tools/mocks.go:90.77,95.25 2 0
github.com/jsando/jb/tools/mocks.go:95.25,97.3 1 0
github.com/jsando/jb/tools/mocks.go:98.2,98.12 1 0
github.com/jsando/jb/tools/mocks.go:101.54,103.26 2 0
github.com/jsando/jb/tools/mocks.go:103.26,105.3 1 0
github.com/jsando/jb/tools/mocks.go:106.2,106.72 1 0
github.com/jsando/jb/tools/mocks.go:109.42,111.30 2 0
github.com/jsando/jb/tools/mocks.go:111.30,113.3 1 0
github.com/jsando/jb/tools/mocks.go:114.2,114.13 1 0
github.com/jsando/jb/tools/mocks.go:134.50,136.22 2 0
github.com/jsando/jb/tools/mocks.go:136.22,138.3 1 0
github.com/jsando/jb/tools/mocks.go:139.2,139.12 1 0
github.com/jsando/jb/tools/mocks.go:142.84,147.33 2 0
github.com/jsando/jb/tools/mocks.go:147.33,149.3 1 0
github.com/jsando/jb/tools/mocks.go:150.2,150.12 1 0
github.com/jsando/jb/tools/mocks.go:153.57,155.26 2 0
github.com/jsando/jb/tools/mocks.go:155.26,157.3 1 0
github.com/jsando/jb/tools/mocks.go:158.2,158.72 1 0
github.com/jsando/jb/tools/mocks.go:161.45,163.30 2 0
github.com/jsando/jb/tools/mocks.go:163.30,165.3 1 0
github.com/jsando/jb/tools/mocks.go:166.2,166.13 1 0
github.com/jsando/jb/tools/mocks.go:178.55,179.23 1 0
github.com/jsando/jb/tools/mocks.go:179.23,181.3 1 0
github.com/jsando/jb/tools/mocks.go:182.2,182.28 1 0
github.com/jsando/jb/tools/mocks.go:185.49,186.22 1 0
github.com/jsando/jb/tools/mocks.go:186.22,188.3 1 0
github.com/jsando/jb/tools/mocks.go:189.2,189.23 1 0
github.com/jsando/jb/tools/mocks.go:192.51,193.21 1 0
github.com/jsando/jb/tools/mocks.go:193.21,195.3 1 0
github.com/jsando/jb/tools/mocks.go:196.2,196.26 1 0
github.com/jsando/jb/tools/mocks.go:199.58,200.23 1 0
github.com/jsando/jb/tools/mocks.go:200.23,202.3 1 0
github.com/jsando/jb/tools/mocks.go:203.2,203.22 1 0
github.com/jsando/jb/tools/mocks.go:203.22,205.3 1 0
github.com/jsando/jb/tools/mocks.go:206.2,212.8 1 0
github.com/jsando/jb/tools/mocks.go:218.52,220.62 1 0
github.com/jsando/jb/tools/mocks.go:220.62,226.4 1 0
github.com/jsando/jb/tools/mocks.go:231.70,233.62 1 0
github.com/jsando/jb/tools/mocks.go:233.62,239.4 1 0
github.com/jsando/jb/tools/mocks.go:244.46,246.2 1 0
github.com/jsando/jb/tools/mocks.go:249.48,251.2 1 0
github.com/jsando/jb/tools/mocks.go:258.60,261.2 2 0
github.com/jsando/jb/tools/mocks.go:263.41,265.2 1 0
github.com/jsando/jb/tools/mocks.go:272.58,273.18 1 0
github.com/jsando/jb/tools/mocks.go:273.18,275.3 1 0
github.com/jsando/jb/tools/mocks.go:276.2,276.37 1 0
github.com/jsando/jb/tools/mocks.go:284.57,285.18 1 0
github.com/jsando/jb/tools/mocks.go:285.18,287.3 1 0
github.com/jsando/jb/tools/mocks.go:288.2,288.18 1 0
github.com/jsando/jb/tools/provider.go:21.52,23.2 1 1
github.com/jsando/jb/tools/provider.go:26.58,27.23 1 1
github.com/jsando/jb/tools/provider.go:27.23,29.3 1 1
github.com/jsando/jb/tools/provider.go:30.2,30.19 1 1
github.com/jsando/jb/tools/provider.go:34.52,35.22 1 1
github.com/jsando/jb/tools/provider.go:35.22,37.3 1 1
github.com/jsando/jb/tools/provider.go:38.2,38.18 1 1
github.com/jsando/jb/tools/provider.go:42.54,43.21 1 1
github.com/jsando/jb/tools/provider.go:43.21,45.3 1 1
github.com/jsando/jb/tools/provider.go:46.2,46.17 1 1
github.com/jsando/jb/tools/provider.go:50.61,51.22 1 0
github.com/jsando/jb/tools/provider.go:51.22,53.3 1 0
github.com/jsando/jb/tools/provider.go:55.2,62.20 3 0
github.com/jsando/jb/tools/provider.go:62.20,65.32 2 0
github.com/jsando/jb/tools/provider.go:65.32,67.4 1 0
github.com/jsando/jb/tools/provider.go:69.3,69.47 1 0
github.com/jsando/jb/tools/provider.go:69.47,71.4 1 0
github.com/jsando/jb/tools/provider.go:75.2,75.21 1 0
github.com/jsando/jb/tools/provider.go:75.21,77.17 2 0
github.com/jsando/jb/tools/provider.go:77.17,79.4 1 0
github.com/jsando/jb/tools/provider.go:83.3,87.35 3 0
github.com/jsando/jb/tools/provider.go:87.35,89.4 1 0
github.com/jsando/jb/tools/provider.go:93.2,95.16 3 0
github.com/jsando/jb/tools/provider.go:95.16,97.3 1 0
github.com/jsando/jb/tools/provider.go:99.2,103.18 4 0
github.com/jsando/jb/tools/provider.go:107.39,115.31 2 1
github.com/jsando/jb/tools/provider.go:115.31,116.35 1 0
github.com/jsando/jb/tools/provider.go:116.35,118.4 1 0
github.com/jsando/jb/tools/provider.go:121.2,121.40 1 1
github.com/jsando/jb/tools/provider.go:121.40,122.45 1 1
github.com/jsando/jb/tools/provider.go:122.45,124.4 1 1
github.com/jsando/jb/tools/provider.go:128.2,129.44 2 1
github.com/jsando/jb/tools/provider.go:129.44,131.3 1 1
github.com/jsando/jb/tools/provider.go:133.2,133.13 1 1
github.com/jsando/jb/tools/provider.go:140.44,142.2 1 1
github.com/jsando/jb/tools/provider.go:145.52,147.2 1 1
github.com/jsando/jb/tools/provider.go:152.44,154.2 1 1
github.com/jsando/jb/tools/provider.go:157.45,159.2 1 1
github.com/jsando/jb/tools/provider.go:162.45,164.2 1 1
github.com/jsando/jb/tools/provider.go:167.45,169.2 1 1
github.com/jsando/jb/tools/provider.go:172.38,173.18 1 1
github.com/jsando/jb/tools/provider.go:173.18,175.3 1 1
github.com/jsando/jb/tools/provider.go:176.2,176.17 1 1
github.com/jsando/jb/tools/provider.go:176.17,178.3 1 1
github.com/jsando/jb/tools/provider.go:179.2,179.17 1 1
github.com/jsando/jb/tools/provider.go:179.17,181.3 1 1
github.com/jsando/jb/tools/provider.go:182.2,182.35 1 1
github.com/jsando/jb/tools/provider.go:187.46,188.26 1 1
github.com/jsando/jb/tools/provider.go:188.26,189.26 1 1
github.com/jsando/jb/tools/provider.go:189.26,191.4 1 1
github.com/jsando/jb/tools/provider.go:192.3,192.11 1 1
github.com/jsando/jb/tools/provider.go:195.2,195.26 1 1
github.com/jsando/jb/tools/provider.go:195.26,196.26 1 1
github.com/jsando/jb/tools/provider.go:196.26,198.4 1 1
github.com/jsando/jb/tools/provider.go:199.3,199.11 1 1
github.com/jsando/jb/tools/provider.go:202.2,202.26 1 1
github.com/jsando/jb/tools/provider.go:202.26,203.26 1 1
github.com/jsando/jb/tools/provider.go:203.26,205.4 1 1
github.com/jsando/jb/tools/provider.go:206.3,206.11 1 1
github.com/jsando/jb/tools/provider.go:209.2,209.10 1 1
github.com/jsando/jb/tools/provider.go:215.33,216.31 1 1
github.com/jsando/jb/tools/provider.go:216.31,218.3 1 0
github.com/jsando/jb/tools/provider.go:219.2,219.15 1 1
github.com/jsando/jb/tools/provider.go:223.34,224.31 1 1
github.com/jsando/jb/tools/provider.go:224.31,226.3 1 0
github.com/jsando/jb/tools/provider.go:227.2,227.16 1 1
github.com/jsando/jb/tools/provider.go:231.32,232.31 1 1
github.com/jsando/jb/tools/provider.go:232.31,234.3 1 0
github.com/jsando/jb/tools/provider.go:235.2,235.14 1 1
github.com/jsando/jb/tools/provider.go:239.40,247.2 3 1
github.com/jsando/jb/tools/provider.go:250.44,252.31 2 1
github.com/jsando/jb/tools/provider.go:252.31,254.3 1 0
github.com/jsando/jb/tools/provider.go:257.2,258.26 2 1
github.com/jsando/jb/tools/provider.go:258.26,260.3 1 1
github.com/jsando/jb/tools/provider.go:262.2,262.49 1 1
